<?xml version="1.0" encoding="UTF-8"?>
<testng-results ignored="0" total="1" passed="0" failed="1" skipped="0">
  <reporter-output>
  </reporter-output>
  <suite started-at="2022-03-28T21:22:29 EET" name="Default suite" finished-at="2022-03-28T21:22:41 EET" duration-ms="11700">
    <groups>
    </groups>
    <test started-at="2022-03-28T21:22:29 EET" name="Default test" finished-at="2022-03-28T21:22:41 EET" duration-ms="11700">
      <class name="selinumAutomationTestTasks.FireFoxTasks">
        <test-method is-config="true" signature="beforeMethod()[pri:0, instance:selinumAutomationTestTasks.FireFoxTasks@10d307f1]" started-at="2022-03-28T21:22:29 EET" name="beforeMethod" finished-at="2022-03-28T21:22:38 EET" duration-ms="8402" status="PASS">
          <reporter-output>
          </reporter-output>
        </test-method> <!-- beforeMethod -->
        <test-method signature="AssertFourthResultTextContainsTestNG()[pri:1, instance:selinumAutomationTestTasks.FireFoxTasks@10d307f1]" started-at="2022-03-28T21:22:38 EET" name="AssertFourthResultTextContainsTestNG" description="Given I am on the FireFox Home Page, Then navigate to Google Home Page , Then Search For &#039;TestNG&#039;,Then Show The Results Page And Check that the text of the second result is [Selenium - Web Browser Automation]" finished-at="2022-03-28T21:22:40 EET" duration-ms="2762" status="FAIL">
          <exception class="java.lang.IndexOutOfBoundsException">
            <message>
              <![CDATA[Index 4 out of bounds for length 0]]>
            </message>
            <full-stacktrace>
              <![CDATA[java.lang.IndexOutOfBoundsException: Index 4 out of bounds for length 0
at java.base/jdk.internal.util.Preconditions.outOfBounds(Preconditions.java:64)
at java.base/jdk.internal.util.Preconditions.outOfBoundsCheckIndex(Preconditions.java:70)
at java.base/jdk.internal.util.Preconditions.checkIndex(Preconditions.java:266)
at java.base/java.util.Objects.checkIndex(Objects.java:359)
at java.base/java.util.ArrayList.get(ArrayList.java:427)
at Pages.Results.SearchInResultPage(Results.java:45)
at selinumAutomationTestTasks.FireFoxTasks.AssertFourthResultTextContainsTestNG(FireFoxTasks.java:31)
at java.base/jdk.internal.reflect.NativeMethodAccessorImpl.invoke0(Native Method)
at java.base/jdk.internal.reflect.NativeMethodAccessorImpl.invoke(NativeMethodAccessorImpl.java:77)
at java.base/jdk.internal.reflect.DelegatingMethodAccessorImpl.invoke(DelegatingMethodAccessorImpl.java:43)
at java.base/java.lang.reflect.Method.invoke(Method.java:568)
at org.testng.internal.invokers.MethodInvocationHelper.invokeMethod(MethodInvocationHelper.java:135)
at org.testng.internal.invokers.TestInvoker.invokeMethod(TestInvoker.java:673)
at org.testng.internal.invokers.TestInvoker.invokeTestMethod(TestInvoker.java:220)
at org.testng.internal.invokers.MethodRunner.runInSequence(MethodRunner.java:50)
at org.testng.internal.invokers.TestInvoker$MethodInvocationAgent.invoke(TestInvoker.java:945)
at org.testng.internal.invokers.TestInvoker.invokeTestMethods(TestInvoker.java:193)
at org.testng.internal.invokers.TestMethodWorker.invokeTestMethods(TestMethodWorker.java:146)
at org.testng.internal.invokers.TestMethodWorker.run(TestMethodWorker.java:128)
at java.base/java.util.ArrayList.forEach(ArrayList.java:1511)
at org.testng.TestRunner.privateRun(TestRunner.java:808)
at org.testng.TestRunner.run(TestRunner.java:603)
at org.testng.SuiteRunner.runTest(SuiteRunner.java:429)
at org.testng.SuiteRunner.runSequentially(SuiteRunner.java:423)
at org.testng.SuiteRunner.privateRun(SuiteRunner.java:383)
at org.testng.SuiteRunner.run(SuiteRunner.java:326)
at org.testng.SuiteRunnerWorker.runSuite(SuiteRunnerWorker.java:52)
at org.testng.SuiteRunnerWorker.run(SuiteRunnerWorker.java:95)
at org.testng.TestNG.runSuitesSequentially(TestNG.java:1249)
at org.testng.TestNG.runSuitesLocally(TestNG.java:1169)
at org.testng.TestNG.runSuites(TestNG.java:1092)
at org.testng.TestNG.run(TestNG.java:1060)
at org.testng.remote.AbstractRemoteTestNG.run(AbstractRemoteTestNG.java:115)
at org.testng.remote.RemoteTestNG.initAndRun(RemoteTestNG.java:251)
at org.testng.remote.RemoteTestNG.main(RemoteTestNG.java:77)
]]>
            </full-stacktrace>
          </exception> <!-- java.lang.IndexOutOfBoundsException -->
          <reporter-output>
          </reporter-output>
        </test-method> <!-- AssertFourthResultTextContainsTestNG -->
        <test-method is-config="true" signature="afterMethod()[pri:0, instance:selinumAutomationTestTasks.FireFoxTasks@10d307f1]" started-at="2022-03-28T21:22:40 EET" name="afterMethod" finished-at="2022-03-28T21:22:41 EET" duration-ms="489" status="PASS">
          <reporter-output>
          </reporter-output>
        </test-method> <!-- afterMethod -->
      </class> <!-- selinumAutomationTestTasks.FireFoxTasks -->
    </test> <!-- Default test -->
  </suite> <!-- Default suite -->
</testng-results>
